[35m[Appium][39m Welcome to Appium v1.22.3
[35m[Appium][39m Non-default server args:
[35m[Appium][39m   port: 50893
[35m[Appium][39m   loglevel: info
[35m[Appium][39m   tmpDir: /var/folders/6f/w49fwx3s58q693hv4fmn9psr0000gn/T//Katalon/Appium/Temp1662615299400
[35m[Appium][39m   chromedriverPort: 50894
[35m[Appium][39m Deprecated server args:
[35m[Appium][39m   [31m--chromedriver-port[39m => --default-capabilities
[35m[Appium][39m Default capabilities, which will be added to each request unless overridden by desired capabilities:
[35m[Appium][39m   chromedriverPort: 50894
[35m[Appium][39m Appium REST http interface listener started on 0.0.0.0:50893
[35m[HTTP][39m [37m-->[39m [37mGET[39m [37m/wd/hub/status[39m
[35m[HTTP][39m [90m{}[39m
[35m[HTTP][39m [37m<-- GET /wd/hub/status [39m[32m200[39m [90m11 ms - 68[39m
[35m[HTTP][39m [90m[39m
[35m[HTTP][39m [37m-->[39m [37mGET[39m [37m/wd/hub/status[39m
[35m[HTTP][39m [90m{}[39m
[35m[HTTP][39m [37m<-- GET /wd/hub/status [39m[32m200[39m [90m2 ms - 68[39m
[35m[HTTP][39m [90m[39m
[35m[HTTP][39m [37m-->[39m [37mPOST[39m [37m/wd/hub/session[39m
[35m[HTTP][39m [90m{"desiredCapabilities":{"app":"/Users/softwareqa/Katalon Studio/App Source Lab/Apk/Android.SauceLabs.Mobile.Sample.app.2.7.1.apk","appWaitforLaunch":false,"noReset":true,"appWaitActivity":"*","deviceId":"","deviceName":"samsung SM-J510FN (Android 7.1.1)","fullReset":false,"platform":"ANDROID","newCommandTimeout":1800,"platformVersion":"7.1.1","automationName":"uiautomator2","autoGrantPermissions":true,"platformName":"Android","udid":"5cd9f4b4","systemPort":50905},"capabilities":{"firstMatch":[{"appium:app":"/Users/softwareqa/Katalon Studio/App Source Lab/Apk/Android.SauceLabs.Mobile.Sample.app.2.7.1.apk","appium:appWaitActivity":"*","appWaitforLaunch":false,"appium:autoGrantPermissions":true,"appium:automationName":"uiautomator2","deviceId":"","appium:deviceName":"samsung SM-J510FN (Android 7.1.1)","appium:fullReset":false,"appium:newCommandTimeout":1800,"appium:noReset":true,"platform":"ANDROID","platformName":"android","appium:platformVersion":"7.1.1","appium:systemPort":50905,"appium:udid":"5cd9f4b4"}]}}[39m
[35m[BaseDriver][39m The following capabilities are not standard capabilities and should have an extension prefix:
[35m[BaseDriver][39m   appWaitforLaunch
[35m[BaseDriver][39m   deviceId
[35m[BaseDriver][39m   platform
[35m[BaseDriver][39m   chromedriverPort
[35m[Appium][39m Appium v1.22.3 creating new AndroidUiautomator2Driver (v1.70.1) session
[35m[BaseDriver][39m The following capabilities were provided, but are not recognized by Appium:
[35m[BaseDriver][39m   appWaitforLaunch
[35m[BaseDriver][39m   deviceId
[35m[BaseDriver][39m   platform
[35m[BaseDriver][39m Session created with session id: 8e54caa4-decc-4736-abda-fa7803a93a0e
[35m[BaseDriver][39m Using local app '/Users/softwareqa/Katalon Studio/App Source Lab/Apk/Android.SauceLabs.Mobile.Sample.app.2.7.1.apk'
[35m[ADB][39m Found 1 'build-tools' folders under '/Users/softwareqa/.katalon/tools/android_sdk' (newest first):
[35m[ADB][39m     /Users/softwareqa/.katalon/tools/android_sdk/build-tools/29.0.3
[35m[ADB][39m Using 'adb' from '/Users/s[35m[Appium][39m Received SIGTERM - shutting down
adb'
[35m[AndroidDriver][39m Retrieving device list
[35m[AndroidDriver][39m Using device: 5cd9f4b4
[35m[ADB][39m Using 'adb' from '/Users/softwareqa/.katalon/tools/android_sdk/platform-tools/adb'
[35m[ADB][39m Package name: 'com.swaglabsmobileapp'
[35m[ADB][39m Main activity name: 'com.swaglabsmobileapp.SplashActivity'
[35m[UiAutomator2][39m Server package at '/usr/local/lib/node_modules/appium/node_modules/appium-uiautomator2-server/apks/appium-uiautomat[35m[Appium][39m Received SIGTERM - shutting down

t into the temporary location at '/var/folde[35m[Appium][39m Received SIGTERM - shutting down[35m[Appium][39m Received SIGTERM - shutting down
 workaround. Consider making this file writeable manually in order to improve the performance of session startup.
[35m[UiAutomator2][39m Server package at '/usr/local/lib/node_modules/appium/node_modules/appium-uiautomator2-server/apks/appium-uiautomator2-server-debug-androidTest.apk' is not writeable. Will copy it into the temporary location at '/var/folders/6f/w49fwx3s58q693hv4fmn9psr0000gn/T/Katalon/Appium/Temp1662615299400/202288-23003-1u19yzl.tdf9' as a workaround. Consider making this file writeable manually in order to improve the performance of session startup.
[35m[ADB][39m Using 'apksigner.jar' from '/Users/softwareqa/.katalon/tools/android_sdk/build-tools/29.0.3/lib/apksigner.jar'
[35m[ADB][39m '/var/folders/6f/w49fwx3s58q693hv4fmn9psr0000gn/T/Katalon/Appium/Temp1662615299400/202288-23003-1u19yzl.tdf9/appium-uiautomator2-server-v4.27.0.apk' is signed with the default certificate
[35m[ADB][39m '/var/folders/6f/w49fwx3s58q693hv4fmn9psr0000gn/T/Katalon/Appium/Temp1662615299400/202288-23003-1u19yzl.tdf9/appium-uiautomator2-server-debug-androidTest.apk' is signed with the default certificate
[35m[UiAutomator2][39m Server packages are not going to be (re)installed
[35m[ADB][39m Adding packages ["io.appium.settings","io.appium.uiautomator2.server","io.appium.uiautomator2.server.test"] to Doze whitelist
[35m[ADB][39m '/Users/softwareqa/Katalon Studio/App Source Lab/Apk/Android.SauceLabs.Mobile.Sample.app.2.7.1.apk' is signed with a non-default certificate
[35m[ADB][39m The application at '/Users/softwareqa/Katalon Studio/App Source Lab/Apk/Android.SauceLabs.Mobile.Sample.app.2.7.1.apk' will not be cached, because the device under test has confirmed the support of streamed installs
[35m[ADB][39m The installation of 'Android.SauceLabs.Mobile.Sample.app.2.7.1.apk' took 8455ms
[35m[UiAutomator2][39m Starting UIAutomator2 server 4.27.0
[35m[UiAutomator2][39m Using UIAutomator2 server from '/usr/local/lib/node_modules/appium/node_modules/appium-uiautomator2-server/apks/appium-uiautomator2-server-v4.27.0.apk' and test from '/usr/loca[35m[Appium][39m Received SIGTERM - shutting down
mator2-server/apks/appium-uiautomator2-server-debug-androidTest.apk'
[35m[UiAutomator2][39m Waiting up to 30000ms for UiAutomator2 to be online...
[35m[WD Proxy][39m socket hang up
[35m[WD Proxy][39m socket hang up
[35m[WD Proxy][39m socket hang up
[35m[WD Proxy][39m socket hang up
[35m[WD Proxy][39m socket hang up
[35m[WD Proxy][39m Determined the downstream protocol as 'W3C'
[35m[AndroidDriver][39m Screen already unlocked, doing nothing
[35m[UiAutomator2][39m Starting 'com.swaglabsmobileapp/com.swaglabsmobileapp.SplashActivity and waiting for 'com.swaglabsmobileapp/*'
[[35m[Appium][39m Received SIGTERM - shutting down
on created successfully, session 8e54caa4-decc-4736-abda-fa7803a93a0e added to master session list
[35m[HTTP][39m [37m<-- POST /wd/hub/session [39m[32m200[39m [90m31913 ms - 1466[39m
[35m[HTTP][39m [90m[39m
[35m[HTTP][39m [37m-->[39m [37mGET[39m [37m/wd/hub/session/8e54caa4-decc-4736-abda-fa7803a93a0e[39m
[35m[HTTP][39m [90m{}[39m
[35m[HTTP][39m [37m<-- GET /wd/hub/session/8e54caa4-decc-4736-abda-fa7803a93a0e [39m[32m200[39m [90m26 ms - 1420[39m
[35m[HTTP][39m [90m[39m
[35m[HTTP][39m [37m-->[39m [37mGET[39m [37m/wd/hub/session/8e54caa4-decc-4736-abda-fa7803a93a0e[39m
[35m[HTTP][39m [90m{}[39m
[35m[HTTP][39m [37m<-- GET /wd/hub/session/8e54caa4-decc-4736-abda-fa7803a93a0e [39m[32m200[39m [90m26 ms - 1420[39m
[35m[HTTP][39m [90m[39m
[35m[HTTP][39m [37m-->[39m [37mGET[39m [37m/wd/hub/status[39m
[35m[HTTP][39m [90m{}[39m
[35m[HTTP][39m [37m<-- GET /wd/hub/status [39m[32m200[39m [90m1 ms - 68[39m
[35m[HTTP][39m [90m[39m
[35m[HTTP][39m [37m-->[39m [37mPOST[39m [37m/wd/hub/session/8e54caa4-decc-4736-abda-fa7803a93a0e/timeouts[39m
[35m[HTTP][39m [90m{"implicit":60000}[39m
[35m[HTTP][39m [37m<-- POST /wd/hub/session/8e54caa4-decc-4736-abda-fa7803a93a0e/timeouts [39m[32m200[39m [90m5 ms - 14[39m
[35m[HTTP][39m [90m[39m
[35m[HTTP][39m [37m-->[39m [37mGET[39m [37m/wd/hub/session/8e54caa4-decc-4736-abda-fa7803a93a0e/source[39m
[35m[HTTP][39m [90m{}[39m
[35m[W3C (8e54caa4)][39m Driver proxy active, passing request on via HTTP proxy
[35m[WD Proxy][39m Replacing sessionId 55521d88-60d2-4ad8-892a-9b1ae06c70a5 with 8e54caa4-decc-4736-abda-fa7803a93a0e
[35m[HTTP][39m [37m<-- GET /wd/hub/session/8e54caa4-decc-4736-abda-fa7803a93a0e/source [39m[32m200[39m [90m96 ms - 2776[39m
[35m[HTTP][39m [90m[39m
[35m[HTTP][39m [37m-->[39m [37mGET[39m [37m/wd/hub/session/8e54caa4-decc-4736-abda-fa7803a93a0e/screenshot[39m
[35m[HTTP][39m [90m{}[39m
[35m[HTTP][39m [37m<-- GET /wd/hub/session/8e54caa4-decc-4736-abda-fa7803a93a0e/screenshot [39m[32m200[39m [90m385 ms - 15116[39m
[35m[HTTP][39m [90m[39m
[35m[HTTP][39m [37m-->[39m [37mGET[39m [37m/wd/hub/session/8e54caa4-decc-4736-abda-fa7803a93a0e/source[39m
[35m[HTTP][39m [90m{}[39m
[35m[W3C (8e54caa4)][39m Driver proxy active, passing request on via HTTP proxy
[35m[WD Proxy][39m Replacing sessionId 55521d88-60d2-4ad8-892a-9b1ae06c70a5 with 8e54caa4-decc-4736-abda-fa7803a93a0e
[35m[HTTP][39m [37m<-- GET /wd/hub/session/8e54caa4-decc-4736-abda-fa7803a93a0e/source [39m[32m200[39m [90m233 ms - 12495[39m
[35m[HTTP][39m [90m[39m
[35m[HTTP][39m [37m-->[35m[Appium][39m Received SIGTERM - shutting down
c-4736-abda-fa7803a93a0e/screenshot[39m
[35m[HTTP][39m [90m{}[39m
[35m[HTTP][39m [37m<-- GET /wd/hub/session/8e54caa4-decc-4736-abda-fa7803a93a0e/screenshot [39m[32m200[39m [90m476 ms - 145254[39m
[35m[HTTP][39m [90m[39m
[35m[BaseDriver][39m Shutting down because we waited 1800 seconds for a command
[35m[Appium][39m Closing session, cause was 'New Command Timeout of 1800 seconds expired. Try customizing the timeout using the 'newCommandTimeout' desired capability'
[35m[Appium][39m Removing session '8e54caa4-decc-4736-abda-fa7803a93a0e' from our master session list
[35m[HTTP][39m [37m-->[39m [37mDELETE[39m [37m/wd/hub/session/8e54caa4-decc-4736-abda-fa7803a93a0e[39m
[35m[HTTP][39m [90m{}[39m
[35m[HTTP][39m [37m<-- DELETE /wd/hub/session/8e54caa4-decc-4736-abda-fa7803a93a0e [39m[33m404[39m [90m178 ms - 1886[39m
[35m[HTTP][39m [90m[39m
[35m[Appium][39m Received SIGTERM - shutting down
